Unity Editor version:    2020.3.27f1 (e759542391ea)
Branch:                  2020.3/release
Build type:              Release
Batch mode:              YES
macOS version:           Version 12.2.1 (Build 21D62)
Darwin version:          21.3.0
Architecture:            x86_64
Running under Rosetta:   YES
Available memory:        16384 MB
Using pre-set license
Pro License: NO

COMMAND LINE ARGUMENTS:
/Applications/Unity/Hub/Editor/2020.3.27f1/Unity.app/Contents/MacOS/Unity
-adb2
-batchMode
-noUpm
-name
AssetImportWorker0
-projectPath
/Users/harrisonferrone/Documents/GitHub/Manning_Game_Design_Patterns_In_Unity/Ch_08_Starter
-logFile
Logs/AssetImportWorker0.log
-srvPort
57929
Successfully changed project path to: /Users/harrisonferrone/Documents/GitHub/Manning_Game_Design_Patterns_In_Unity/Ch_08_Starter
/Users/harrisonferrone/Documents/GitHub/Manning_Game_Design_Patterns_In_Unity/Ch_08_Starter
Using Asset Import Pipeline V2.
Refreshing native plugins compatible for Editor in 28.39 ms, found 2 plugins.
Preloading 0 native plugins for Editor in 0.00 ms.
Initialize engine version: 2020.3.27f1 (e759542391ea)
[Subsystems] Discovering subsystems at path /Applications/Unity/Hub/Editor/2020.3.27f1/Unity.app/Contents/Resources/UnitySubsystems
[Subsystems] Discovering subsystems at path /Users/harrisonferrone/Documents/GitHub/Manning_Game_Design_Patterns_In_Unity/Ch_08_Starter/Assets
GfxDevice: creating device client; threaded=0
2022-03-22 21:19:07.425 Unity[59095:4257222] (null) preferred device: Apple M1 Pro (high power)
2022-03-22 21:19:07.425 Unity[59095:4257222] Metal devices available: 1
2022-03-22 21:19:07.425 Unity[59095:4257222] 0: Apple M1 Pro (high power)
2022-03-22 21:19:07.425 Unity[59095:4257222] Using device Apple M1 Pro (high power)
Initializing Metal device caps: Apple M1 Pro
Initialize mono
Mono path[0] = '/Applications/Unity/Hub/Editor/2020.3.27f1/Unity.app/Contents/Managed'
Mono path[1] = '/Applications/Unity/Hub/Editor/2020.3.27f1/Unity.app/Contents/MonoBleedingEdge/lib/mono/unityjit'
Mono config path = '/Applications/Unity/Hub/Editor/2020.3.27f1/Unity.app/Contents/MonoBleedingEdge/etc'
Using monoOptions --debugger-agent=transport=dt_socket,embedding=1,server=y,suspend=n,address=127.0.0.1:56095
Begin MonoManager ReloadAssembly
Registering precompiled unity dll's ...
Register platform support module: /Applications/Unity/Hub/Editor/2020.3.27f1/PlaybackEngines/WebGLSupport/UnityEditor.WebGL.Extensions.dll
Register platform support module: /Applications/Unity/Hub/Editor/2020.3.27f1/Unity.app/Contents/PlaybackEngines/MacStandaloneSupport/UnityEditor.OSXStandalone.Extensions.dll
Registered in 0.001382 seconds.
Native extension for OSXStandalone target not found
Native extension for WebGL target not found
Refreshing native plugins compatible for Editor in 31.26 ms, found 2 plugins.
Preloading 0 native plugins for Editor in 0.00 ms.
Mono: successfully reloaded assembly
- Completed reload, in  1.336 seconds
Domain Reload Profiling:
	ReloadAssembly (1336ms)
		BeginReloadAssembly (119ms)
			ExecutionOrderSort (0ms)
			DisableScriptedObjects (0ms)
			BackupInstance (0ms)
			ReleaseScriptingObjects (0ms)
			CreateAndSetChildDomain (3ms)
		EndReloadAssembly (1096ms)
			LoadAssemblies (117ms)
			RebuildTransferFunctionScriptingTraits (0ms)
			SetupTypeCache (179ms)
			ReleaseScriptCaches (0ms)
			RebuildScriptCaches (40ms)
			SetupLoadedEditorAssemblies (577ms)
				LogAssemblyErrors (0ms)
				InitializePlatformSupportModulesInManaged (14ms)
				SetLoadedEditorAssemblies (1ms)
				RefreshPlugins (31ms)
				BeforeProcessingInitializeOnLoad (93ms)
				ProcessInitializeOnLoadAttributes (320ms)
				ProcessInitializeOnLoadMethodAttributes (117ms)
				AfterProcessingInitializeOnLoad (0ms)
				EditorAssembliesLoaded (1ms)
			ExecutionOrderSort2 (0ms)
			AwakeInstancesAfterBackupRestoration (0ms)
Platform modules already initialized, skipping
Registering precompiled user dll's ...
Registered in 0.003618 seconds.
Begin MonoManager ReloadAssembly
Native extension for OSXStandalone target not found
Native extension for WebGL target not found
Refreshing native plugins compatible for Editor in 0.33 ms, found 2 plugins.
Preloading 0 native plugins for Editor in 0.00 ms.
Mono: successfully reloaded assembly
- Completed reload, in  2.140 seconds
Domain Reload Profiling:
	ReloadAssembly (2142ms)
		BeginReloadAssembly (259ms)
			ExecutionOrderSort (0ms)
			DisableScriptedObjects (31ms)
			BackupInstance (0ms)
			ReleaseScriptingObjects (0ms)
			CreateAndSetChildDomain (31ms)
		EndReloadAssembly (1791ms)
			LoadAssemblies (189ms)
			RebuildTransferFunctionScriptingTraits (0ms)
			SetupTypeCache (315ms)
			ReleaseScriptCaches (0ms)
			RebuildScriptCaches (52ms)
			SetupLoadedEditorAssemblies (989ms)
				LogAssemblyErrors (0ms)
				InitializePlatformSupportModulesInManaged (16ms)
				SetLoadedEditorAssemblies (2ms)
				RefreshPlugins (0ms)
				BeforeProcessingInitializeOnLoad (195ms)
				ProcessInitializeOnLoadAttributes (745ms)
				ProcessInitializeOnLoadMethodAttributes (30ms)
				AfterProcessingInitializeOnLoad (1ms)
				EditorAssembliesLoaded (0ms)
			ExecutionOrderSort2 (0ms)
			AwakeInstancesAfterBackupRestoration (35ms)
Platform modules already initialized, skipping
Validating Project structure ... 0.000120 seconds.
Shader import version has changed; will reimport all shaders...
Upgrading shader files ...0.000169 seconds.
Application.AssetDatabase Initial Script Refresh Start
RefreshInfo: InitialScriptRefreshV2(NoUpdateAssetOptions) scanfilter:  ... 1 filters
RefreshProfiler: Total: 0.000ms
Application.AssetDatabase Initial Script Refresh End
Application.AssetDatabase.Refresh Start
Application.AssetDatabase.Refresh End
RefreshInfo: StopAssetImportingV2(ForceSynchronousImport) scanfilter: 
RefreshProfiler: Total: 0.000ms
Launching external process: /Applications/Unity/Hub/Editor/2020.3.27f1/Unity.app/Contents/Tools/UnityShaderCompiler
Launched and connected shader compiler UnityShaderCompiler after 0.03 seconds
Initializing Unity extensions:
2022-03-22 21:19:11.917 Unity[59095:4257222] NSEventModifierFlagFunction specified to -setKeyEquivalentModifierMask: for item <NSMenuItem: 0x60000092f950 Font Asset, ke='Command-F12'>, but is only supported for system-provided menu items; will not be used
2022-03-22 21:19:11.920 Unity[59095:4257222] NSEventModifierFlagFunction specified to -setKeyEquivalentModifierMask: for item <NSMenuItem: 0x60000095f090 Font Asset, ke='Command-F12'>, but is only supported for system-provided menu items; will not be used
========================================================================
Worker process is ready to serve import requests
Refreshing native plugins compatible for Editor in 0.20 ms, found 2 plugins.
Preloading 0 native plugins for Editor in 0.00 ms.
Unloading 1504 Unused Serialized files (Serialized files now loaded: 0)
System memory in use before: 177.7 MB.
System memory in use after: 176.9 MB.

Unloading 80 unused Assets to reduce memory usage. Loaded Objects now: 1975.
Total: 2.336000 ms (FindLiveObjects: 0.073875 ms CreateObjectMapping: 0.028458 ms MarkObjects: 1.835375 ms  DeleteObjects: 0.397667 ms)

AssetImportParameters requested are different than current active one (requested -> active):
  custom:video-decoder-ogg-theora: a1e56fd34408186e4bbccfd4996cb3dc -> 
  custom:container-muxer-webm: aa71ff27fc2769a1b78a27578f13a17b -> 
  custom:container-demuxer-webm: 4f35f7cbe854078d1ac9338744f61a02 -> 
  custom:container-demuxer-ogg: 62fdf1f143b41e24485cea50d1cbac27 -> 
  custom:video-encoder-webm-vp8: eb34c28f22e8b96e1ab97ce403110664 -> 
  custom:framework-osx-AVFoundation: e770b220cccbd017edd2c1fefb359320 -> 
  custom:video-decoder-webm-vp8: 9c59270c3fd7afecdb556c50c9e8de78 -> 
  custom:audio-decoder-ogg-vorbis: bf7c407c2cedff20999df2af8eb42d56 -> 
  custom:audio-encoder-webm-vorbis: bf7c407c2cedff20999df2af8eb42d56 -> 
========================================================================
Received Import Request.
  path: Assets/Scripts
  artifactKey: Guid(2874ded025fa64428840a0bec175d72b) Importer(815301076,1909f56bfc062723c751e8b465ee728b)
Start importing Assets/Scripts using Guid(2874ded025fa64428840a0bec175d72b) Importer(815301076,1909f56bfc062723c751e8b465ee728b)  -> (artifact id: '04eaed0f12e99ed479e921b29690014b') in 0.025170 seconds 
  Import took 0.027206 seconds .

========================================================================
Received Import Request.
  Time since last request: 79.737291 seconds.
  path: Assets/Materials
  artifactKey: Guid(c62a154982d884535a45f7ab05bf2dfd) Importer(815301076,1909f56bfc062723c751e8b465ee728b)
Start importing Assets/Materials using Guid(c62a154982d884535a45f7ab05bf2dfd) Importer(815301076,1909f56bfc062723c751e8b465ee728b)  -> (artifact id: 'e0c6adf925a8648f19de56044b38b728') in 0.001239 seconds 
  Import took 0.003338 seconds .

========================================================================
Received Import Request.
  Time since last request: 6.725673 seconds.
  path: Assets/Materials/Player_Mat.mat
  artifactKey: Guid(9e50107680fe744cdbb4d1cd7eb2e56f) Importer(815301076,1909f56bfc062723c751e8b465ee728b)
Start importing Assets/Materials/Player_Mat.mat using Guid(9e50107680fe744cdbb4d1cd7eb2e56f) Importer(815301076,1909f56bfc062723c751e8b465ee728b)  -> (artifact id: 'b9ada9a89394a8daa246ca142576f9f6') in 0.864848 seconds 
  Import took 0.869070 seconds .

========================================================================
Received Import Request.
  Time since last request: 6.754536 seconds.
  path: Assets/Materials/Support_Mat.mat
  artifactKey: Guid(8fa65e2a0c5ee4258a4b9214aca608b9) Importer(815301076,1909f56bfc062723c751e8b465ee728b)
Start importing Assets/Materials/Support_Mat.mat using Guid(8fa65e2a0c5ee4258a4b9214aca608b9) Importer(815301076,1909f56bfc062723c751e8b465ee728b)  -> (artifact id: '2e3382c0655fb4bc6f4a8ca1e42112f2') in 0.014896 seconds 
  Import took 0.017141 seconds .

========================================================================
Received Import Request.
  Time since last request: 18.623628 seconds.
  path: Assets/Materials/Enemy_Mat.mat
  artifactKey: Guid(7febea81b1f914f418848440f215942e) Importer(815301076,1909f56bfc062723c751e8b465ee728b)
Start importing Assets/Materials/Enemy_Mat.mat using Guid(7febea81b1f914f418848440f215942e) Importer(815301076,1909f56bfc062723c751e8b465ee728b)  -> (artifact id: '4ded5f9b28f110ab175132b99c932f21') in 0.008789 seconds 
  Import took 0.010951 seconds .

========================================================================
Received Import Request.
  Time since last request: 17.219741 seconds.
  path: Assets/Materials/Enemy_Mat.mat
  artifactKey: Guid(7febea81b1f914f418848440f215942e) Importer(815301076,1909f56bfc062723c751e8b465ee728b)
Start importing Assets/Materials/Enemy_Mat.mat using Guid(7febea81b1f914f418848440f215942e) Importer(815301076,1909f56bfc062723c751e8b465ee728b)  -> (artifact id: 'c8b5188551be431a5e96cb978b2da2bf') in 0.008802 seconds 
  Import took 0.011229 seconds .

========================================================================
Received Import Request.
  Time since last request: 0.000212 seconds.
  path: Assets/Materials/Support_Mat.mat
  artifactKey: Guid(8fa65e2a0c5ee4258a4b9214aca608b9) Importer(815301076,1909f56bfc062723c751e8b465ee728b)
Start importing Assets/Materials/Support_Mat.mat using Guid(8fa65e2a0c5ee4258a4b9214aca608b9) Importer(815301076,1909f56bfc062723c751e8b465ee728b)  -> (artifact id: '3dd288af26f1ea1fe0ca1a2d90bc3acd') in 0.007899 seconds 
  Import took 0.009795 seconds .

========================================================================
Received Import Request.
  Time since last request: 0.000298 seconds.
  path: Assets/Materials/Player_Mat.mat
  artifactKey: Guid(9e50107680fe744cdbb4d1cd7eb2e56f) Importer(815301076,1909f56bfc062723c751e8b465ee728b)
Start importing Assets/Materials/Player_Mat.mat using Guid(9e50107680fe744cdbb4d1cd7eb2e56f) Importer(815301076,1909f56bfc062723c751e8b465ee728b)  -> (artifact id: 'c4c69451e228b79c3ebfee216a8df97a') in 0.008376 seconds 
  Import took 0.011134 seconds .

========================================================================
Received Import Request.
  Time since last request: 134.086284 seconds.
  path: Assets/Materials/Ground_Mat.mat
  artifactKey: Guid(3e7f8326d323b49d297112ae1358d0dd) Importer(815301076,1909f56bfc062723c751e8b465ee728b)
Start importing Assets/Materials/Ground_Mat.mat using Guid(3e7f8326d323b49d297112ae1358d0dd) Importer(815301076,1909f56bfc062723c751e8b465ee728b)  -> (artifact id: '8921357ce31d10a3a5d9b42538ebf9b6') in 0.017305 seconds 
  Import took 0.024102 seconds .

